<?xml version="1.0" encoding="UTF-8"?>
<!-- Generated by org.testng.reporters.JUnitXMLReporter -->
<testsuite hostname="LAPTOP-JKEI96O7" ignored="0" name="Command line test" tests="3" failures="0" timestamp="13 Oct 2019 16:42:20 GMT" time="28.16" errors="0">
  <testcase name="enterbookName" time="0.496" classname="testrunner.MethodCallingTest"/>
  <testcase name="clickOnSearchButton" time="4.752" classname="testrunner.MethodCallingTest"/>
  <testcase name="selectBookFromTheList" time="3.352" classname="testrunner.MethodCallingTest"/>
</testsuite> <!-- Command line test -->
