<?xml version="1.0" encoding="UTF-8"?>
<!-- Generated by org.testng.reporters.JUnitXMLReporter -->
<testsuite hostname="LAPTOP-JKEI96O7" ignored="0" name="Command line test" tests="4" failures="0" timestamp="12 Oct 2019 20:03:41 GMT" time="18.639" errors="0">
  <testcase name="launchApplication" time="11.589" classname="testrunner.MethodCallingTest"/>
  <testcase name="enterbookName" time="0.211" classname="testrunner.MethodCallingTest"/>
  <testcase name="clickOnSearchButton" time="4.533" classname="testrunner.MethodCallingTest"/>
  <testcase name="selectBookFromTheList" time="1.661" classname="testrunner.MethodCallingTest"/>
</testsuite> <!-- Command line test -->
