<?xml version="1.0" encoding="UTF-8"?>
<!-- Generated by org.testng.reporters.JUnitXMLReporter -->
<testsuite hostname="LAPTOP-JKEI96O7" ignored="0" name="Test" tests="4" failures="0" timestamp="12 Oct 2019 20:10:14 GMT" time="20.755" errors="0">
  <testcase name="launchApplication" time="11.415" classname="testrunner.MethodCallingTest"/>
  <testcase name="enterbookName" time="0.118" classname="testrunner.MethodCallingTest"/>
  <testcase name="clickOnSearchButton" time="4.613" classname="testrunner.MethodCallingTest"/>
  <testcase name="selectBookFromTheList" time="1.355" classname="testrunner.MethodCallingTest"/>
</testsuite> <!-- Test -->
