<?xml version="1.0" encoding="UTF-8"?>
<testng-results skipped="0" failed="0" ignored="0" total="3" passed="3">
  <reporter-output>
  </reporter-output>
  <suite name="Default suite" duration-ms="25238" started-at="2019-10-15T14:35:03Z" finished-at="2019-10-15T14:35:28Z">
    <groups>
    </groups>
    <test name="Default test" duration-ms="25238" started-at="2019-10-15T14:35:03Z" finished-at="2019-10-15T14:35:28Z">
      <class name="screenshot.TakeElementScreenshot">
        <test-method status="PASS" signature="initializeBrowser()[pri:1, instance:screenshot.TakeElementScreenshot@4501b7af]" name="initializeBrowser" duration-ms="14911" started-at="2019-10-15T14:35:03Z" finished-at="2019-10-15T14:35:18Z">
          <reporter-output>
          </reporter-output>
        </test-method> <!-- initializeBrowser -->
        <test-method status="PASS" signature="clickOnLoginButton()[pri:2, instance:screenshot.TakeElementScreenshot@4501b7af]" name="clickOnLoginButton" duration-ms="1039" started-at="2019-10-15T14:35:18Z" finished-at="2019-10-15T14:35:19Z">
          <reporter-output>
          </reporter-output>
        </test-method> <!-- clickOnLoginButton -->
        <test-method status="PASS" signature="enterUsername()[pri:3, instance:screenshot.TakeElementScreenshot@4501b7af]" name="enterUsername" duration-ms="9241" started-at="2019-10-15T14:35:19Z" finished-at="2019-10-15T14:35:28Z">
          <reporter-output>
          </reporter-output>
        </test-method> <!-- enterUsername -->
      </class> <!-- screenshot.TakeElementScreenshot -->
    </test> <!-- Default test -->
  </suite> <!-- Default suite -->
</testng-results>
