<?xml version="1.0" encoding="UTF-8"?>
<testng-results skipped="0" failed="0" ignored="0" total="3" passed="3">
  <reporter-output>
  </reporter-output>
  <suite name="testrunner.MethodCallingTest" duration-ms="28160" started-at="2019-10-13T16:41:52Z" finished-at="2019-10-13T16:42:20Z">
    <groups>
    </groups>
    <test name="Command line test" duration-ms="28160" started-at="2019-10-13T16:41:52Z" finished-at="2019-10-13T16:42:20Z">
      <class name="testrunner.MethodCallingTest">
        <test-method status="PASS" signature="launchApplication()[pri:0, instance:testrunner.MethodCallingTest@4590c9c3]" name="launchApplication" is-config="true" duration-ms="16040" started-at="2019-10-13T16:41:52Z" finished-at="2019-10-13T16:42:08Z">
          <reporter-output>
          </reporter-output>
        </test-method> <!-- launchApplication -->
        <test-method status="PASS" signature="enterbookName()[pri:1, instance:testrunner.MethodCallingTest@4590c9c3]" name="enterbookName" duration-ms="496" started-at="2019-10-13T16:42:08Z" finished-at="2019-10-13T16:42:08Z">
          <reporter-output>
          </reporter-output>
        </test-method> <!-- enterbookName -->
        <test-method status="PASS" signature="takescreenshotAfterEachMethod()[pri:0, instance:testrunner.MethodCallingTest@4590c9c3]" name="takescreenshotAfterEachMethod" is-config="true" duration-ms="1364" started-at="2019-10-13T16:42:08Z" finished-at="2019-10-13T16:42:10Z">
          <reporter-output>
          </reporter-output>
        </test-method> <!-- takescreenshotAfterEachMethod -->
        <test-method status="PASS" signature="clickOnSearchButton()[pri:2, instance:testrunner.MethodCallingTest@4590c9c3]" name="clickOnSearchButton" duration-ms="4752" started-at="2019-10-13T16:42:10Z" finished-at="2019-10-13T16:42:15Z">
          <reporter-output>
          </reporter-output>
        </test-method> <!-- clickOnSearchButton -->
        <test-method status="PASS" signature="takescreenshotAfterEachMethod()[pri:0, instance:testrunner.MethodCallingTest@4590c9c3]" name="takescreenshotAfterEachMethod" is-config="true" duration-ms="601" started-at="2019-10-13T16:42:15Z" finished-at="2019-10-13T16:42:15Z">
          <reporter-output>
          </reporter-output>
        </test-method> <!-- takescreenshotAfterEachMethod -->
        <test-method status="PASS" signature="selectBookFromTheList()[pri:3, instance:testrunner.MethodCallingTest@4590c9c3]" name="selectBookFromTheList" duration-ms="3352" started-at="2019-10-13T16:42:15Z" finished-at="2019-10-13T16:42:19Z">
          <reporter-output>
          </reporter-output>
        </test-method> <!-- selectBookFromTheList -->
        <test-method status="PASS" signature="takescreenshotAfterEachMethod()[pri:0, instance:testrunner.MethodCallingTest@4590c9c3]" name="takescreenshotAfterEachMethod" is-config="true" duration-ms="808" started-at="2019-10-13T16:42:19Z" finished-at="2019-10-13T16:42:19Z">
          <reporter-output>
          </reporter-output>
        </test-method> <!-- takescreenshotAfterEachMethod -->
        <test-method status="PASS" signature="tearDown()[pri:0, instance:testrunner.MethodCallingTest@4590c9c3]" name="tearDown" is-config="true" duration-ms="717" started-at="2019-10-13T16:42:19Z" finished-at="2019-10-13T16:42:20Z">
          <reporter-output>
          </reporter-output>
        </test-method> <!-- tearDown -->
      </class> <!-- testrunner.MethodCallingTest -->
    </test> <!-- Command line test -->
  </suite> <!-- testrunner.MethodCallingTest -->
</testng-results>
