<?xml version="1.0" encoding="UTF-8"?>
<testng-results skipped="0" failed="0" ignored="0" total="4" passed="4">
  <reporter-output>
  </reporter-output>
  <suite name="testrunner.MethodCallingTest" duration-ms="18639" started-at="2019-10-12T20:03:22Z" finished-at="2019-10-12T20:03:41Z">
    <groups>
    </groups>
    <test name="Command line test" duration-ms="18639" started-at="2019-10-12T20:03:22Z" finished-at="2019-10-12T20:03:41Z">
      <class name="testrunner.MethodCallingTest">
        <test-method status="PASS" signature="launchApplication()[pri:0, instance:testrunner.MethodCallingTest@5cc7c2a6]" name="launchApplication" duration-ms="11589" started-at="2019-10-12T20:03:22Z" finished-at="2019-10-12T20:03:34Z">
          <reporter-output>
          </reporter-output>
        </test-method> <!-- launchApplication -->
        <test-method status="PASS" signature="enterbookName()[pri:1, instance:testrunner.MethodCallingTest@5cc7c2a6]" name="enterbookName" duration-ms="211" started-at="2019-10-12T20:03:34Z" finished-at="2019-10-12T20:03:34Z">
          <reporter-output>
          </reporter-output>
        </test-method> <!-- enterbookName -->
        <test-method status="PASS" signature="clickOnSearchButton()[pri:2, instance:testrunner.MethodCallingTest@5cc7c2a6]" name="clickOnSearchButton" duration-ms="4533" started-at="2019-10-12T20:03:34Z" finished-at="2019-10-12T20:03:39Z">
          <reporter-output>
          </reporter-output>
        </test-method> <!-- clickOnSearchButton -->
        <test-method status="PASS" signature="selectBookFromTheList()[pri:3, instance:testrunner.MethodCallingTest@5cc7c2a6]" name="selectBookFromTheList" duration-ms="1661" started-at="2019-10-12T20:03:39Z" finished-at="2019-10-12T20:03:40Z">
          <reporter-output>
          </reporter-output>
        </test-method> <!-- selectBookFromTheList -->
        <test-method status="PASS" signature="tearDown()[pri:0, instance:testrunner.MethodCallingTest@5cc7c2a6]" name="tearDown" is-config="true" duration-ms="625" started-at="2019-10-12T20:03:40Z" finished-at="2019-10-12T20:03:41Z">
          <reporter-output>
          </reporter-output>
        </test-method> <!-- tearDown -->
      </class> <!-- testrunner.MethodCallingTest -->
    </test> <!-- Command line test -->
  </suite> <!-- testrunner.MethodCallingTest -->
</testng-results>
