<?xml version="1.0" encoding="UTF-8"?>
<!-- Generated by org.testng.reporters.JUnitXMLReporter -->
<testsuite hostname="LAPTOP-JKEI96O7" ignored="0" name="Default test" tests="3" failures="0" timestamp="16 Oct 2019 18:58:52 GMT" time="52.803" errors="0">
  <testcase name="initializeBrowser" time="15.818" classname="screenshot.ElementScreenshot"/>
  <testcase name="clickOnLoginButton" time="32.432" classname="screenshot.ElementScreenshot"/>
  <testcase name="enterUsername" time="4.521" classname="screenshot.ElementScreenshot"/>
</testsuite> <!-- Default test -->
