<?xml version="1.0" encoding="UTF-8"?>
<!-- Generated by org.testng.reporters.JUnitXMLReporter -->
<testsuite hostname="LAPTOP-JKEI96O7" ignored="0" name="Default test" tests="3" failures="0" timestamp="16 Oct 2019 18:42:12 GMT" time="36.055" errors="0">
  <testcase name="initializeBrowser" time="23.324" classname="screenshot.ElementScreenshot"/>
  <testcase name="clickOnLoginButton" time="3.041" classname="screenshot.ElementScreenshot"/>
  <testcase name="enterUsername" time="9.634" classname="screenshot.ElementScreenshot"/>
</testsuite> <!-- Default test -->
