<?xml version="1.0" encoding="UTF-8"?>
<testng-results skipped="0" failed="0" ignored="0" total="2" passed="2">
  <reporter-output>
  </reporter-output>
  <suite name="Default suite" duration-ms="22323" started-at="2019-10-08T10:32:35Z" finished-at="2019-10-08T10:32:57Z">
    <groups>
    </groups>
    <test name="Default test" duration-ms="22323" started-at="2019-10-08T10:32:35Z" finished-at="2019-10-08T10:32:57Z">
      <class name="InitializeBrowser">
        <test-method status="PASS" signature="initializeBrowser()[pri:1, instance:InitializeBrowser@d8355a8]" name="initializeBrowser" duration-ms="18420" started-at="2019-10-08T10:32:35Z" finished-at="2019-10-08T10:32:53Z">
          <reporter-output>
          </reporter-output>
        </test-method> <!-- initializeBrowser -->
        <test-method status="PASS" signature="selectherbalTea()[pri:2, instance:InitializeBrowser@d8355a8]" name="selectherbalTea" duration-ms="3876" started-at="2019-10-08T10:32:53Z" finished-at="2019-10-08T10:32:57Z">
          <reporter-output>
          </reporter-output>
        </test-method> <!-- selectherbalTea -->
      </class> <!-- InitializeBrowser -->
    </test> <!-- Default test -->
  </suite> <!-- Default suite -->
</testng-results>
