<?xml version="1.0" encoding="UTF-8"?>
<testng-results skipped="0" failed="0" ignored="0" total="1" passed="1">
  <reporter-output>
  </reporter-output>
  <suite name="Default suite" duration-ms="615" started-at="2019-11-16T18:13:39Z" finished-at="2019-11-16T18:13:40Z">
    <groups>
    </groups>
    <test name="Default test" duration-ms="615" started-at="2019-11-16T18:13:39Z" finished-at="2019-11-16T18:13:40Z">
      <class name="fillo.Fillo1">
        <test-method status="PASS" signature="configuration()[pri:0, instance:fillo.Fillo1@5d5eef3d]" name="configuration" is-config="true" duration-ms="11" started-at="2019-11-16T18:13:39Z" finished-at="2019-11-16T18:13:39Z">
          <reporter-output>
          </reporter-output>
        </test-method> <!-- configuration -->
        <test-method status="PASS" signature="test()[pri:0, instance:fillo.Fillo1@5d5eef3d]" name="test" duration-ms="587" started-at="2019-11-16T18:13:39Z" finished-at="2019-11-16T18:13:40Z">
          <reporter-output>
          </reporter-output>
        </test-method> <!-- test -->
        <test-method status="PASS" signature="tearDown()[pri:0, instance:fillo.Fillo1@5d5eef3d]" name="tearDown" is-config="true" duration-ms="0" started-at="2019-11-16T18:13:40Z" finished-at="2019-11-16T18:13:40Z">
          <reporter-output>
          </reporter-output>
        </test-method> <!-- tearDown -->
      </class> <!-- fillo.Fillo1 -->
    </test> <!-- Default test -->
  </suite> <!-- Default suite -->
</testng-results>
